1742826077713	geckodriver	INFO	Listening on 127.0.0.1:64982
1742826080775	mozrunner::runner	INFO	Running command: "C:\\Program Files\\Mozilla Firefox\\firefox.exe" "--marionette" "--remote-debugging-port" "64983" "--remote-allow-hosts" "localhost" "-no-remote" "-profile" "C:\\Users\\YOUXGR~1\\AppData\\Local\\Temp\\rust_mozprofileUsrf1b"
console.warn: services.settings: Ignoring preference override of remote settings server
console.warn: services.settings: Allow by setting MOZ_REMOTE_SETTINGS_DEVTOOLS=1 in the environment
Dynamically enable window occlusion 0
1742826081044	Marionette	INFO	Marionette enabled
1742826081159	Marionette	INFO	Listening on port 64990
WebDriver BiDi listening on ws://127.0.0.1:64983
Read port: 64990
1742826081298	RemoteAgent	WARN	TLS certificate errors will be ignored for this session
DevTools listening on ws://127.0.0.1:64983/devtools/browser/d0691347-b2e9-4907-8e25-1641c57f0d59
JavaScript warning: https://www.amazon.com.br/, line 3410: WEBGL_debug_renderer_info is deprecated in Firefox and will be removed. Please use RENDERER.
JavaScript warning: https://www.amazon.com.br/s?k=Xbox+Series+S&__mk_pt_BR=%C3%85M%C3%85%C5%BD%C3%95%C3%91&ref=nb_sb_noss, line 7158: WEBGL_debug_renderer_info is deprecated in Firefox and will be removed. Please use RENDERER.
JavaScript error: , line 0: TypeError: NetworkError when attempting to fetch resource.
JavaScript error: , line 0: TypeError: NetworkError when attempting to fetch resource.
1742826089481	Marionette	WARN	Ignoring event 'pageshow' because document has an invalid readyState of 'uninitialized'.
JavaScript warning: https://www.amazon.com.br/Microsoft-RRS-00001-Xbox-Series-S/dp/B08G9J44ZN/ref=sr_1_3?__mk_pt_BR=%C3%85M%C3%85%C5%BD%C3%95%C3%91&dib=eyJ2IjoiMSJ9.GyKRq1t-ImRc1eNckjQrkK8qek79W0o7MN14RJc3Dk6pcE262QHv7PAMV0E1TRoHleUaQ2LUsOyfB-R_G-0bMAMrBtV13HIzhP6ZkJw6KzmQlFCij1efkmsT_x3RCIbFI-_ATuZYR37LMhKCpd-QuHqVR6FffX97lL2jxCRJi1TxW85aD89QVbiD1T6Ok7qVRWRkaVPfrWbIv3qL5jDsyMPFX72hZiLl7Ried9cEWdnNOZeLMAh5v2pG2b8nvtg6EKG1L5f-M5OofwxlYIsiQnOgihGUz8vWTTont4Q8Xc3v3VVoNtRzKik3g_8DlYb5zS4v8QTwy9s3kPxwENxhq2EWVVhlJHxfB8W0dbwLI0abmjtBRUyIJ2p5d513P4h-Amrg0BDWQXmU5JjXuVIpNjyKgTv3gxxU5R_xtoNsPGc-zewL_lnvOUo-bmsoqsxX.NiqqfaYF4FJgkxbW6_FbVytze8zRoAs3AMrmoN5bfFY&dib_tag=se&keywords=Xbox+Series+S&qid=1742826087&sr=8-3&ufe=app_do%3Aamzn1.fos.a492fd4a-f54d-4e8d-8c31-35e0a04ce61e, line 9113: WEBGL_debug_renderer_info is deprecated in Firefox and will be removed. Please use RENDERER.
1742826093021	Marionette	INFO	Stopped listening on port 64990
JavaScript warning: https://m.media-amazon.com/images/I/11zuylp74DL._RC|11Y+5x+kkTL.js,51F3LXOLEtL.js,11EeeaacI2L.js,11GgN1+C7hL.js,01+z+uIeJ-L.js,01VRMV3FBdL.js,21u+kGQyRqL.js,012FVc3131L.js,11aD5q6kNBL.js,11rRjDLdAVL.js,51zH7YD-TsL.js,11nAhXzgUmL.js,11dIAzUNpxL.js,1110g-SvlBL.js,116PwN2VXHL.js,21+WA5wfjfL.js,0190vxtlzcL.js,51xvEQZx5oL.js,01JYHc2oIlL.js,31nfKXylf6L.js,01ktRCtOqKL.js,01ASnt2lbqL.js,11bEz2VIYrL.js,31o2NGTXThL.js,01rpauTep4L.js,31N+6dLod0L.js,01tvglXfQOL.js,11+FwJUUPNL.js,014gnDeJDsL.js,11vb6P5C5AL.js,015+pUPweLL.js_.js?AUIClients/AmazonUI#372963-T1, line 45: Script terminated by timeout at:
l/<@https://m.media-amazon.com/images/I/11zuylp74DL._RC|11Y+5x+kkTL.js,51F3LXOLEtL.js,11EeeaacI2L.js,11GgN1+C7hL.js,01+z+uIeJ-L.js,01VRMV3FBdL.js,21u+kGQyRqL.js,012FVc3131L.js,11aD5q6kNBL.js,11rRjDLdAVL.js,51zH7YD-TsL.js,11nAhXzgUmL.js,11dIAzUNpxL.js,1110g-SvlBL.js,116PwN2VXHL.js,21+WA5wfjfL.js,0190vxtlzcL.js,51xvEQZx5oL.js,01JYHc2oIlL.js,31nfKXylf6L.js,01ktRCtOqKL.js,01ASnt2lbqL.js,11bEz2VIYrL.js,31o2NGTXThL.js,01rpauTep4L.js,31N+6dLod0L.js,01tvglXfQOL.js,11+FwJUUPNL.js,014gnDeJDsL.js,11vb6P5C5AL.js,015+pUPweLL.js_.js?AUIClients/AmazonUI#372963-T1:45:100

Dynamically enable window occlusion 1
