1742576294441	geckodriver	INFO	Listening on 127.0.0.1:58552
1742576297513	mozrunner::runner	INFO	Running command: "C:\\Program Files\\Mozilla Firefox\\firefox.exe" "--marionette" "--remote-debugging-port" "58553" "--remote-allow-hosts" "localhost" "-no-remote" "-profile" "C:\\Users\\YOUXGR~1\\AppData\\Local\\Temp\\rust_mozprofileLWBCSA"
console.warn: services.settings: Ignoring preference override of remote settings server
console.warn: services.settings: Allow by setting MOZ_REMOTE_SETTINGS_DEVTOOLS=1 in the environment
Dynamically enable window occlusion 0
1742576297790	Marionette	INFO	Marionette enabled
1742576297904	Marionette	INFO	Listening on port 58560
WebDriver BiDi listening on ws://127.0.0.1:58553
Read port: 58560
1742576298022	RemoteAgent	WARN	TLS certificate errors will be ignored for this session
DevTools listening on ws://127.0.0.1:58553/devtools/browser/25ecad57-f7c6-4024-94ca-7f3abb23ab02
JavaScript warning: https://www.amazon.com.br/, line 3638: WEBGL_debug_renderer_info is deprecated in Firefox and will be removed. Please use RENDERER.
JavaScript error: , line 0: TypeError: NetworkError when attempting to fetch resource.
1742576303331	Marionette	WARN	Ignoring event 'pageshow' because document has an invalid readyState of 'uninitialized'.
JavaScript warning: https://www.amazon.com.br/Eletronicos-e-Tecnologia/b/?ie=UTF8&node=16209062011&ref_=nav_cs_electronics, line 5765: WEBGL_debug_renderer_info is deprecated in Firefox and will be removed. Please use RENDERER.
1742576305532	Marionette	INFO	Stopped listening on port 58560
JavaScript warning: https://images-na.ssl-images-amazon.com/images/I/51na2k2njbL._RC|71wZa7-aqrL.js,019AaNzy9HL.js,01MHmiwP7tL.js,71m4s8J6XyL.js,01cZ21lATAL.js,01bAfFgS7JL.js,01A2AtmCtlL.js,41jBieyCvYL.js,01wXnKULArL.js,01+pnQJuQ0L.js,21PMP-WgxTL.js,41lXbNNGwGL.js,51HrkAbbpLL.js,31XO9BO1OrL.js,11lw6J7z8iL.js,31+UifI0MIL.js,01VYGE8lGhL.js,01tDwkxEoCL.js_.js?AUIClients/NavDesktopUberAsset#desktop.language-pt.br.878681-T1.1079958-T1.1089549-T1.948355-T1.1168233-T1.1104203-T1.1121224-T1, line 846: Script terminated by timeout at:
e<@https://images-na.ssl-images-amazon.com/images/I/51na2k2njbL._RC|71wZa7-aqrL.js,019AaNzy9HL.js,01MHmiwP7tL.js,71m4s8J6XyL.js,01cZ21lATAL.js,01bAfFgS7JL.js,01A2AtmCtlL.js,41jBieyCvYL.js,01wXnKULArL.js,01+pnQJuQ0L.js,21PMP-WgxTL.js,41lXbNNGwGL.js,51HrkAbbpLL.js,31XO9BO1OrL.js,11lw6J7z8iL.js,31+UifI0MIL.js,01VYGE8lGhL.js,01tDwkxEoCL.js_.js?AUIClients/NavDesktopUberAsset#desktop.language-pt.br.878681-T1.1079958-T1.1089549-T1.948355-T1.1168233-T1.1104203-T1.1121224-T1:846:503
f/a<@https://images-na.ssl-images-amazon.com/images/I/51na2k2njbL._RC|71wZa7-aqrL.js,019AaNzy9HL.js,01MHmiwP7tL.js,71m4s8J6XyL.js,01cZ21lATAL.js,01bAfFgS7JL.js,01A2AtmCtlL.js,41jBieyCvYL.js,01wXnKULArL.js,01+pnQJuQ0L.js,21PMP-WgxTL.js,41lXbNNGwGL.js,51HrkAbbpLL.js,31XO9BO1OrL.js,11lw6J7z8iL.js,31+UifI0MIL.js,01VYGE8lGhL.js,01tDwkxEoCL.js_.js?AUIClients/NavDesktopUberAsset#desktop.language-pt.br.878681-T1.1079958-T1.1089549-T1.948355-T1.1168233-T1.1104203-T1.1121224-T1:850:239

Dynamically enable window occlusion 1
