1742580412795	geckodriver	INFO	Listening on 127.0.0.1:52044
1742580415879	mozrunner::runner	INFO	Running command: "C:\\Program Files\\Mozilla Firefox\\firefox.exe" "--marionette" "--remote-debugging-port" "52045" "--remote-allow-hosts" "localhost" "-no-remote" "-profile" "C:\\Users\\YOUXGR~1\\AppData\\Local\\Temp\\rust_mozprofilenVQcxc"
console.warn: services.settings: Ignoring preference override of remote settings server
console.warn: services.settings: Allow by setting MOZ_REMOTE_SETTINGS_DEVTOOLS=1 in the environment
Dynamically enable window occlusion 0
1742580416164	Marionette	INFO	Marionette enabled
1742580416274	Marionette	INFO	Listening on port 52052
WebDriver BiDi listening on ws://127.0.0.1:52045
Read port: 52052
1742580416337	RemoteAgent	WARN	TLS certificate errors will be ignored for this session
DevTools listening on ws://127.0.0.1:52045/devtools/browser/ca41a4cd-bfbf-4fda-8146-e8f55e5f2f35
JavaScript warning: https://www.amazon.com.br/, line 3634: WEBGL_debug_renderer_info is deprecated in Firefox and will be removed. Please use RENDERER.
1742580422251	Marionette	WARN	Ignoring event 'pageshow' because document has an invalid readyState of 'uninitialized'.
JavaScript warning: https://www.amazon.com.br/Eletronicos-e-Tecnologia/b/?ie=UTF8&node=16209062011&ref_=nav_cs_electronics, line 5837: WEBGL_debug_renderer_info is deprecated in Firefox and will be removed. Please use RENDERER.
1742580424014	Marionette	INFO	Stopped listening on port 52052
JavaScript warning: https://www.amazon.com.br/Eletronicos-e-Tecnologia/b/?ie=UTF8&node=16209062011&ref_=nav_cs_electronics, line 5772: Script terminated by timeout at:
y@https://www.amazon.com.br/Eletronicos-e-Tecnologia/b/?ie=UTF8&node=16209062011&ref_=nav_cs_electronics:5772:364
buildPayload@https://www.amazon.com.br/Eletronicos-e-Tecnologia/b/?ie=UTF8&node=16209062011&ref_=nav_cs_electronics:5776:446
B@https://www.amazon.com.br/Eletronicos-e-Tecnologia/b/?ie=UTF8&node=16209062011&ref_=nav_cs_electronics:5771:134
m@https://www.amazon.com.br/Eletronicos-e-Tecnologia/b/?ie=UTF8&node=16209062011&ref_=nav_cs_electronics:5771:465

Dynamically enable window occlusion 1
