1742824485317	geckodriver	INFO	Listening on 127.0.0.1:64266
1742824488399	mozrunner::runner	INFO	Running command: "C:\\Program Files\\Mozilla Firefox\\firefox.exe" "--marionette" "--remote-debugging-port" "64267" "--remote-allow-hosts" "localhost" "-no-remote" "-profile" "C:\\Users\\YOUXGR~1\\AppData\\Local\\Temp\\rust_mozprofile1ITlqG"
console.warn: services.settings: Ignoring preference override of remote settings server
console.warn: services.settings: Allow by setting MOZ_REMOTE_SETTINGS_DEVTOOLS=1 in the environment
Dynamically enable window occlusion 0
1742824488735	Marionette	INFO	Marionette enabled
1742824488851	Marionette	INFO	Listening on port 64274
WebDriver BiDi listening on ws://127.0.0.1:64267
Read port: 64274
1742824488993	RemoteAgent	WARN	TLS certificate errors will be ignored for this session
DevTools listening on ws://127.0.0.1:64267/devtools/browser/d6b1a94b-b7bc-4b45-ba02-dea63f21a7a6
JavaScript warning: https://www.amazon.com.br/, line 3414: WEBGL_debug_renderer_info is deprecated in Firefox and will be removed. Please use RENDERER.
JavaScript warning: https://www.amazon.com.br/s?k=Xbox+Series+S&__mk_pt_BR=%C3%85M%C3%85%C5%BD%C3%95%C3%91&ref=nb_sb_noss, line 7076: WEBGL_debug_renderer_info is deprecated in Firefox and will be removed. Please use RENDERER.
JavaScript error: , line 0: TypeError: NetworkError when attempting to fetch resource.
JavaScript error: , line 0: TypeError: NetworkError when attempting to fetch resource.
JavaScript warning: https://www.amazon.com.br/Microsoft-RRS-00001-Xbox-Series-S/dp/B08G9J44ZN/ref=sr_1_2?__mk_pt_BR=%C3%85M%C3%85%C5%BD%C3%95%C3%91&dib=eyJ2IjoiMSJ9.GyKRq1t-ImRc1eNckjQrkK8qek79W0o7MN14RJc3Dk6pcE262QHv7PAMV0E1TRoHleUaQ2LUsOyfB-R_G-0bMAMrBtV13HIzhP6ZkJw6KzmQlFCij1efkmsT_x3RCIbFI-_ATuZYR37LMhKCpd-QuJ6_rIsTo1Kn0KjWDbTSP2FBDpAA-o6pT9b8b82xeaApQHLPndpTUWYqGYxEgq2cx81FkVl9Q6nJ5yDqVl2WlTDk8ITorIGi2KfM4HHXpoKHFO0mdBKQNIEgnWiAmdp72LZoC_xB3Pj_PT51e00ty1s.2rRa6asFTyq-nDrtnJXQO-2L4raKpumWR7M8-5ZHCxI&dib_tag=se&keywords=Xbox+Series+S&qid=1742824493&sr=8-2&ufe=app_do%3Aamzn1.fos.a492fd4a-f54d-4e8d-8c31-35e0a04ce61e, line 9047: WEBGL_debug_renderer_info is deprecated in Firefox and will be removed. Please use RENDERER.
JavaScript error: , line 0: TypeError: NetworkError when attempting to fetch resource.
JavaScript error: , line 0: TypeError: NetworkError when attempting to fetch resource.
JavaScript warning: https://c.amazon-adsystem.com/vfw/dv/dv-measurements7399.js, line 2: Script terminated by timeout at:
extend@https://c.amazon-adsystem.com/vfw/dv/dv-measurements7399.js:2:249191
sendMessage@https://c.amazon-adsystem.com/vfw/dv/dv-measurements7399.js:2:214975
logPageHideEventNonPersisted@https://c.amazon-adsystem.com/vfw/dv/dv-measurements7399.js:2:106171
7360/mapToWrapperFunction/</t[e]@https://c.amazon-adsystem.com/vfw/dv/dv-measurements7399.js:2:210460
runSafely@https://c.amazon-adsystem.com/vfw/dv/dv-measurements7399.js:2:211227
7360/publishEvents/<@https://c.amazon-adsystem.com/vfw/dv/dv-measurements7399.js:2:210317
publishEvents@https://c.amazon-adsystem.com/vfw/dv/dv-measurements7399.js:2:210299
dispatchEvent@https://c.amazon-adsystem.com/vfw/dv/dv-measurements7399.js:2:208881
3384/handlePersistedEvent/<@https://c.amazon-adsystem.com/vfw/dv/dv-measurements7399.js:2:310174

console.error: ({})
JavaScript warning: https://www.amazon.com.br/cart/add-to-cart/ref=dp_start-bbf_1_glance, line 3223: WEBGL_debug_renderer_info is deprecated in Firefox and will be removed. Please use RENDERER.
JavaScript warning: https://www.amazon.com.br/cart?ref_=sw_gtc, line 5739: WEBGL_debug_renderer_info is deprecated in Firefox and will be removed. Please use RENDERER.
1742824520917	Marionette	INFO	Stopped listening on port 64274
JavaScript warning: https://www.amazon.com.br/cart?ref_=sw_gtc, line 5646: Script terminated by timeout at:
timeout/a.ue_cel</<@https://www.amazon.com.br/cart?ref_=sw_gtc:5646:118

Dynamically enable window occlusion 1
console.warn: services.settings: main/translations-wasm sync interrupted by shutdown
console.warn: services.settings: main/remote-permissions sync interrupted by shutdown
console.warn: services.settings: main/search-categorization sync interrupted by shutdown
console.warn: services.settings: main/third-party-cookie-blocking-exempt-urls sync interrupted by shutdown
console.warn: services.settings: main/cookie-banner-rules-list sync interrupted by shutdown
console.warn: services.settings: main/search-default-override-allowlist sync interrupted by shutdown
console.warn: services.settings: main/urlbar-persisted-search-terms sync interrupted by shutdown
console.warn: services.settings: main/search-config-icons sync interrupted by shutdown
console.warn: services.settings: main/message-groups sync interrupted by shutdown
console.warn: services.settings: main/fingerprinting-protection-overrides sync interrupted by shutdown
console.warn: services.settings: main/search-config-overrides-v2 sync interrupted by shutdown
console.warn: services.settings: main/query-stripping sync interrupted by shutdown
console.warn: services.settings: main/addons-manager-settings sync interrupted by shutdown
console.warn: services.settings: main/fxmonitor-breaches sync interrupted by shutdown
console.warn: services.settings: main/password-recipes sync interrupted by shutdown
console.warn: services.settings: main/language-dictionaries sync interrupted by shutdown
console.warn: services.settings: main/devtools-devices sync interrupted by shutdown
console.warn: services.settings: main/doh-config sync interrupted by shutdown
console.warn: services.settings: main/doh-providers sync interrupted by shutdown
console.error: (new AbortError("IndexedDB: main/nimbus-desktop-defaults getLastModified() IndexedDB:  execute() A request was aborted, for example through a call to IDBTransaction.abort.", "resource://services-settings/IDBHelpers.sys.mjs", 16))
