1742825635924	geckodriver	INFO	Listening on 127.0.0.1:64641
1742825639001	mozrunner::runner	INFO	Running command: "C:\\Program Files\\Mozilla Firefox\\firefox.exe" "--marionette" "--remote-debugging-port" "64642" "--remote-allow-hosts" "localhost" "-no-remote" "-profile" "C:\\Users\\YOUXGR~1\\AppData\\Local\\Temp\\rust_mozprofileA1Hpu8"
console.warn: services.settings: Ignoring preference override of remote settings server
console.warn: services.settings: Allow by setting MOZ_REMOTE_SETTINGS_DEVTOOLS=1 in the environment
Dynamically enable window occlusion 0
1742825639427	Marionette	INFO	Marionette enabled
1742825639541	Marionette	INFO	Listening on port 64649
WebDriver BiDi listening on ws://127.0.0.1:64642
Read port: 64649
1742825639727	RemoteAgent	WARN	TLS certificate errors will be ignored for this session
DevTools listening on ws://127.0.0.1:64642/devtools/browser/e2da7bdf-841e-4f19-b5ae-b7277708b264
JavaScript warning: https://www.amazon.com.br/, line 3414: WEBGL_debug_renderer_info is deprecated in Firefox and will be removed. Please use RENDERER.
JavaScript warning: https://www.amazon.com.br/s?k=Xbox+Series+S&__mk_pt_BR=%C3%85M%C3%85%C5%BD%C3%95%C3%91&ref=nb_sb_noss, line 7165: WEBGL_debug_renderer_info is deprecated in Firefox and will be removed. Please use RENDERER.
JavaScript error: , line 0: TypeError: NetworkError when attempting to fetch resource.
JavaScript error: , line 0: TypeError: NetworkError when attempting to fetch resource.
JavaScript warning: https://www.amazon.com.br/Microsoft-RRS-00001-Xbox-Series-S/dp/B08G9J44ZN/ref=sr_1_3?__mk_pt_BR=%C3%85M%C3%85%C5%BD%C3%95%C3%91&dib=eyJ2IjoiMSJ9.GyKRq1t-ImRc1eNckjQrkK8qek79W0o7MN14RJc3Dk6pcE262QHv7PAMV0E1TRoHleUaQ2LUsOyfB-R_G-0bMAMrBtV13HIzhP6ZkJw6KzmQlFCij1efkmsT_x3RCIbFI-_ATuZYR37LMhKCpd-QuH318nd_HwDWQ-l-fF9Jq2g6BSRBwsN4vhitZu3nF-K29SVjLWitDXZpBVtwnvN6ORMN5OO0C7iD6_XKrGls40swgkxNPSKzF2S_9XCTg6Liu8wTl-cLPPyvqWc60h7_Ze-ivAgdkpwIcB5_puAYXnaFFBxtIFESqa4GwlI2Kri9z4r92IwuoI2huojr-Jx3joyt5Sv2PxZDXUFKC8FEn9RgAS_h_2-YgcQX9fjs5QIUL6bHNIvOQP6geNcmUNrn1JbVjjftJh7uIsWYurH1cs4-zewL_lnvOUo-bmsoqsxX.9YC5TLExPVwGVvCCAkx0M2JvNs4rCZwfNx6kY9mVszk&dib_tag=se&keywords=Xbox+Series+S&qid=1742825645&sr=8-3&ufe=app_do%3Aamzn1.fos.a492fd4a-f54d-4e8d-8c31-35e0a04ce61e, line 9125: WEBGL_debug_renderer_info is deprecated in Firefox and will be removed. Please use RENDERER.
JavaScript error: , line 0: TypeError: NetworkError when attempting to fetch resource.
JavaScript error: , line 0: TypeError: NetworkError when attempting to fetch resource.
JavaScript warning: https://c.amazon-adsystem.com/vfw/dv/dv-measurements7399.js, line 2: Script terminated by timeout at:
get@https://c.amazon-adsystem.com/vfw/dv/dv-measurements7399.js:2:345463
3384/handlePersistedEvent/<@https://c.amazon-adsystem.com/vfw/dv/dv-measurements7399.js:2:310190

console.error: ({})
JavaScript warning: https://www.amazon.com.br/cart/add-to-cart/ref=dp_start-bbf_1_glance, line 3223: WEBGL_debug_renderer_info is deprecated in Firefox and will be removed. Please use RENDERER.
JavaScript warning: https://www.amazon.com.br/cart?ref_=sw_gtc, line 5746: WEBGL_debug_renderer_info is deprecated in Firefox and will be removed. Please use RENDERER.
1742825674802	Marionette	INFO	Stopped listening on port 64649
Dynamically enable window occlusion 1
