1742826436609	geckodriver	INFO	Listening on 127.0.0.1:65152
1742826439704	mozrunner::runner	INFO	Running command: "C:\\Program Files\\Mozilla Firefox\\firefox.exe" "--marionette" "--remote-debugging-port" "65153" "--remote-allow-hosts" "localhost" "-no-remote" "-profile" "C:\\Users\\YOUXGR~1\\AppData\\Local\\Temp\\rust_mozprofileyChvYx"
console.warn: services.settings: Ignoring preference override of remote settings server
console.warn: services.settings: Allow by setting MOZ_REMOTE_SETTINGS_DEVTOOLS=1 in the environment
Dynamically enable window occlusion 0
1742826439979	Marionette	INFO	Marionette enabled
1742826440097	Marionette	INFO	Listening on port 65160
WebDriver BiDi listening on ws://127.0.0.1:65153
Read port: 65160
1742826440215	RemoteAgent	WARN	TLS certificate errors will be ignored for this session
DevTools listening on ws://127.0.0.1:65153/devtools/browser/7c0eb707-b4b4-4a3a-8277-b42311439b51
JavaScript warning: https://www.amazon.com.br/, line 3523: WEBGL_debug_renderer_info is deprecated in Firefox and will be removed. Please use RENDERER.
JavaScript warning: https://www.amazon.com.br/s?k=Xbox+Series+S&__mk_pt_BR=%C3%85M%C3%85%C5%BD%C3%95%C3%91&ref=nb_sb_noss, line 7158: WEBGL_debug_renderer_info is deprecated in Firefox and will be removed. Please use RENDERER.
JavaScript error: , line 0: TypeError: NetworkError when attempting to fetch resource.
JavaScript error: , line 0: TypeError: NetworkError when attempting to fetch resource.
JavaScript warning: https://www.amazon.com.br/Microsoft-RRS-00001-Xbox-Series-S/dp/B08G9J44ZN/ref=sr_1_3?__mk_pt_BR=%C3%85M%C3%85%C5%BD%C3%95%C3%91&dib=eyJ2IjoiMSJ9.GyKRq1t-ImRc1eNckjQrkK8qek79W0o7MN14RJc3Dk6pcE262QHv7PAMV0E1TRoHleUaQ2LUsOyfB-R_G-0bMAMrBtV13HIzhP6ZkJw6KzmQlFCij1efkmsT_x3RCIbFI-_ATuZYR37LMhKCpd-QuH318nd_HwDWQ-l-fF9Jq2g6BSRBwsN4vhitZu3nF-K29SVjLWitDXZpBVtwnvN6ORMN5OO0C7iD6_XKrGls40swgkxNPSKzF2S_9XCTg6Liu8wTl-cLPPyvqWc60h7_ZR3em_s4NgHQM7bBouf7IQkCRiE0DsA6v6YwxK9-pLbdHzdV_fHTwszowVor7x93QYyt5Sv2PxZDXUFKC8FEn9RgAS_h_2-YgcQX9fjs5QIUL6bHNIvOQP6geNcmUNrn1KmAyj0Pvj9D9GAsZjFcqbzQtfa5MJCdbUyToH2IDeVJ.6RQZIjRo6MgznqLPrgMixAufzwmhOPMfL7JQyAd9JyQ&dib_tag=se&keywords=Xbox+Series+S&qid=1742826444&sr=8-3&ufe=app_do%3Aamzn1.fos.a492fd4a-f54d-4e8d-8c31-35e0a04ce61e, line 9127: WEBGL_debug_renderer_info is deprecated in Firefox and will be removed. Please use RENDERER.
JavaScript error: , line 0: TypeError: NetworkError when attempting to fetch resource.
JavaScript error: , line 0: TypeError: NetworkError when attempting to fetch resource.
JavaScript warning: https://www.amazon.com.br/cart/add-to-cart/ref=dp_start-bbf_1_glance, line 3332: WEBGL_debug_renderer_info is deprecated in Firefox and will be removed. Please use RENDERER.
JavaScript warning: https://www.amazon.com.br/cart?ref_=sw_gtc, line 5630: WEBGL_debug_renderer_info is deprecated in Firefox and will be removed. Please use RENDERER.
1742826451825	Marionette	INFO	Stopped listening on port 65160
Dynamically enable window occlusion 1
