1742826491544	geckodriver	INFO	Listening on 127.0.0.1:64727
1742826494620	mozrunner::runner	INFO	Running command: "C:\\Program Files\\Mozilla Firefox\\firefox.exe" "--marionette" "--remote-debugging-port" "64728" "--remote-allow-hosts" "localhost" "-no-remote" "-profile" "C:\\Users\\YOUXGR~1\\AppData\\Local\\Temp\\rust_mozprofilehJRvO4"
console.warn: services.settings: Ignoring preference override of remote settings server
console.warn: services.settings: Allow by setting MOZ_REMOTE_SETTINGS_DEVTOOLS=1 in the environment
Dynamically enable window occlusion 0
1742826495055	Marionette	INFO	Marionette enabled
1742826495175	Marionette	INFO	Listening on port 64735
WebDriver BiDi listening on ws://127.0.0.1:64728
Read port: 64735
1742826495339	RemoteAgent	WARN	TLS certificate errors will be ignored for this session
DevTools listening on ws://127.0.0.1:64728/devtools/browser/e8f9f93e-0241-4714-a6ee-8633074b66e4
JavaScript warning: https://www.amazon.com.br/, line 3515: WEBGL_debug_renderer_info is deprecated in Firefox and will be removed. Please use RENDERER.
JavaScript warning: https://www.amazon.com.br/s/ref=nb_sb_noss?__mk_pt_BR=%C3%85M%C3%85%C5%BD%C3%95%C3%91&url=search-alias%3Daps&field-keywords=Xbox+Series+S, line 6960: WEBGL_debug_renderer_info is deprecated in Firefox and will be removed. Please use RENDERER.
JavaScript error: , line 0: AbortError: The operation was aborted. 
JavaScript warning: https://www.amazon.com.br/Microsoft-RRS-00001-Xbox-Series-S/dp/B08G9J44ZN/ref=sr_1_3?__mk_pt_BR=%C3%85M%C3%85%C5%BD%C3%95%C3%91&dib=eyJ2IjoiMSJ9.GyKRq1t-ImRc1eNckjQrkK8qek79W0o7MN14RJc3Dk6pcE262QHv7PAMV0E1TRoHleUaQ2LUsOyfB-R_G-0bMAMrBtV13HIzhP6ZkJw6KzmQlFCij1efkmsT_x3RCIbFI-_ATuZYR37LMhKCpd-QuH318nd_HwDWQ-l-fF9Jq2g6BSRBwsN4vhitZu3nF-K29SVjLWitDXZpBVtwnvN6OVuJdUileuRloccNx2lT6y55_t4okHA22jAn2yRtPDwHIfClERZHIAy_Kj-2eTg3SOTDTX1saNRt0UeCWqhtw6gbRT4rmcqAxPAF7SLwcSarQTXTN6XT7NSisORAhbdzVYUQ6RdUPGI8ZMN5qw3ue7ID7wgiTkFlKhJIcQC9NGAV5rYCTgB8Meax89yAaNngSa1ac7wQMKaaUZcd_CxxOuh_wD2UxxAzbX9eanyONFud.hQS0srcT_fI1EDrGdUWd1bgaxcgy-oj4yL6h8iQvQ08&dib_tag=se&keywords=Xbox+Series+S&qid=1742826501&sr=8-3&ufe=app_do%3Aamzn1.fos.a492fd4a-f54d-4e8d-8c31-35e0a04ce61e, line 9037: WEBGL_debug_renderer_info is deprecated in Firefox and will be removed. Please use RENDERER.
JavaScript error: , line 0: TypeError: NetworkError when attempting to fetch resource.
JavaScript error: , line 0: TypeError: NetworkError when attempting to fetch resource.
JavaScript warning: https://c.amazon-adsystem.com/vfw/dv/dv-measurements7399.js, line 2: Script terminated by timeout at:
extend@https://c.amazon-adsystem.com/vfw/dv/dv-measurements7399.js:2:249191
sendMessage@https://c.amazon-adsystem.com/vfw/dv/dv-measurements7399.js:2:214975
logPageHideEventNonPersisted@https://c.amazon-adsystem.com/vfw/dv/dv-measurements7399.js:2:106171
7360/mapToWrapperFunction/</t[e]@https://c.amazon-adsystem.com/vfw/dv/dv-measurements7399.js:2:210460
runSafely@https://c.amazon-adsystem.com/vfw/dv/dv-measurements7399.js:2:211227
7360/publishEvents/<@https://c.amazon-adsystem.com/vfw/dv/dv-measurements7399.js:2:210317
publishEvents@https://c.amazon-adsystem.com/vfw/dv/dv-measurements7399.js:2:210299
dispatchEvent@https://c.amazon-adsystem.com/vfw/dv/dv-measurements7399.js:2:208881
3384/handlePersistedEvent/<@https://c.amazon-adsystem.com/vfw/dv/dv-measurements7399.js:2:310174

JavaScript warning: https://www.amazon.com.br/cart/add-to-cart/ref=dp_start-bbf_1_glance, line 3332: WEBGL_debug_renderer_info is deprecated in Firefox and will be removed. Please use RENDERER.
console.error: ({})
1742826508324	Marionette	INFO	Stopped listening on port 64735
JavaScript warning: https://m.media-amazon.com/images/I/11zuylp74DL._RC|11Y+5x+kkTL.js,51F3LXOLEtL.js,11yKORv-GTL.js,11GgN1+C7hL.js,01+z+uIeJ-L.js,01VRMV3FBdL.js,21u+kGQyRqL.js,012FVc3131L.js,11aD5q6kNBL.js,11rRjDLdAVL.js,51zH7YD-TsL.js,11nAhXzgUmL.js,11dIAzUNpxL.js,1110g-SvlBL.js,116PwN2VXHL.js,21+WA5wfjfL.js,0190vxtlzcL.js,51xvEQZx5oL.js,01JYHc2oIlL.js,31nfKXylf6L.js,01ktRCtOqKL.js,01ASnt2lbqL.js,11bEz2VIYrL.js,31o2NGTXThL.js,01rpauTep4L.js,31N+6dLod0L.js,01tvglXfQOL.js,11+FwJUUPNL.js,014gnDeJDsL.js,11vb6P5C5AL.js,015+pUPweLL.js_.js?AUIClients/AmazonUI, line 22: Script terminated by timeout at:
f</delay/<@https://m.media-amazon.com/images/I/11zuylp74DL._RC|11Y+5x+kkTL.js,51F3LXOLEtL.js,11yKORv-GTL.js,11GgN1+C7hL.js,01+z+uIeJ-L.js,01VRMV3FBdL.js,21u+kGQyRqL.js,012FVc3131L.js,11aD5q6kNBL.js,11rRjDLdAVL.js,51zH7YD-TsL.js,11nAhXzgUmL.js,11dIAzUNpxL.js,1110g-SvlBL.js,116PwN2VXHL.js,21+WA5wfjfL.js,0190vxtlzcL.js,51xvEQZx5oL.js,01JYHc2oIlL.js,31nfKXylf6L.js,01ktRCtOqKL.js,01ASnt2lbqL.js,11bEz2VIYrL.js,31o2NGTXThL.js,01rpauTep4L.js,31N+6dLod0L.js,01tvglXfQOL.js,11+FwJUUPNL.js,014gnDeJDsL.js,11vb6P5C5AL.js,015+pUPweLL.js_.js?AUIClients/AmazonUI:22:363

Dynamically enable window occlusion 1
