1742823692150	geckodriver	INFO	Listening on 127.0.0.1:63321
1742823695225	mozrunner::runner	INFO	Running command: "C:\\Program Files\\Mozilla Firefox\\firefox.exe" "--marionette" "--remote-debugging-port" "63322" "--remote-allow-hosts" "localhost" "-no-remote" "-profile" "C:\\Users\\YOUXGR~1\\AppData\\Local\\Temp\\rust_mozprofile1r74fI"
console.warn: services.settings: Ignoring preference override of remote settings server
console.warn: services.settings: Allow by setting MOZ_REMOTE_SETTINGS_DEVTOOLS=1 in the environment
Dynamically enable window occlusion 0
1742823695496	Marionette	INFO	Marionette enabled
1742823695628	Marionette	INFO	Listening on port 63329
WebDriver BiDi listening on ws://127.0.0.1:63322
Read port: 63329
1742823695791	RemoteAgent	WARN	TLS certificate errors will be ignored for this session
DevTools listening on ws://127.0.0.1:63322/devtools/browser/327e6f72-d95a-491f-80cf-c433b8534aa4
JavaScript warning: https://www.amazon.com.br/, line 3377: WEBGL_debug_renderer_info is deprecated in Firefox and will be removed. Please use RENDERER.
JavaScript warning: https://www.amazon.com.br/s?k=Xbox+Series+S&__mk_pt_BR=%C3%85M%C3%85%C5%BD%C3%95%C3%91&crid=5A984T7WHQWL&sprefix=%2Caps%2C197&ref=nb_sb_noss, line 7077: WEBGL_debug_renderer_info is deprecated in Firefox and will be removed. Please use RENDERER.
1742823701726	Marionette	INFO	Stopped listening on port 63329
JavaScript warning: https://images-na.ssl-images-amazon.com/images/I/11TeK6RO9OL._RC|31PhtfzE1FL.js,31Y5AkqmNvL.js,01WtpFkF58L.js,31iwW+jW1VL.js,41STYmgYJcL.js,41XxFzvOtjL.js,01r1r3sVlxL.js,21FYCfNs2aL.js,019dBqWurRL.js,11SnpH5CbIL.js,01XQQDMWkKL.js,012z3lMdhOL.js,11Exu1nsH7L.js,01b82LFIRTL.js,11UyW+59ZyL.js,015CwW0puPL.js,21wGrqBcFlL.js,0164lSJukTL.js,219jZMsEOWL.js,318wG7-Wo+L.js,01FA0ZefFJL.js,01M+YAkWjvL.js_.js?AUIClients/SearchAssets#1124410-T1.1161841-T1.964665-T1.1168384-C, line 144: Script terminated by timeout at:
r.prototype.flush@https://images-na.ssl-images-amazon.com/images/I/11TeK6RO9OL._RC|31PhtfzE1FL.js,31Y5AkqmNvL.js,01WtpFkF58L.js,31iwW+jW1VL.js,41STYmgYJcL.js,41XxFzvOtjL.js,01r1r3sVlxL.js,21FYCfNs2aL.js,019dBqWurRL.js,11SnpH5CbIL.js,01XQQDMWkKL.js,012z3lMdhOL.js,11Exu1nsH7L.js,01b82LFIRTL.js,11UyW+59ZyL.js,015CwW0puPL.js,21wGrqBcFlL.js,0164lSJukTL.js,219jZMsEOWL.js,318wG7-Wo+L.js,01FA0ZefFJL.js,01M+YAkWjvL.js_.js?AUIClients/SearchAssets#1124410-T1.1161841-T1.964665-T1.1168384-C:144:376
r.prototype.add/this.timeout<@https://images-na.ssl-images-amazon.com/images/I/11TeK6RO9OL._RC|31PhtfzE1FL.js,31Y5AkqmNvL.js,01WtpFkF58L.js,31iwW+jW1VL.js,41STYmgYJcL.js,41XxFzvOtjL.js,01r1r3sVlxL.js,21FYCfNs2aL.js,019dBqWurRL.js,11SnpH5CbIL.js,01XQQDMWkKL.js,012z3lMdhOL.js,11Exu1nsH7L.js,01b82LFIRTL.js,11UyW+59ZyL.js,015CwW0puPL.js,21wGrqBcFlL.js,0164lSJukTL.js,219jZMsEOWL.js,318wG7-Wo+L.js,01FA0ZefFJL.js,01M+YAkWjvL.js_.js?AUIClients/SearchAssets#1124410-T1.1161841-T1.964665-T1.1168384-C:144:236

Dynamically enable window occlusion 1
JavaScript error: , line 0: TypeError: NetworkError when attempting to fetch resource.
JavaScript error: , line 0: TypeError: NetworkError when attempting to fetch resource.
